2024-04-01 09:00:07.435 [info] Log level: Info
2024-04-01 09:00:07.435 [info] Validating found git in: "git"
2024-04-01 09:00:07.435 [info] Using git "2.44.0" from "git"
2024-04-01 09:00:07.435 [info] > git rev-parse --show-toplevel [17ms]
2024-04-01 09:00:07.435 [info] fatal: not a git repository (or any parent up to mount point /)
Stopping at filesystem boundary (GIT_DISCOVERY_ACROSS_FILESYSTEM not set).
2024-04-01 09:00:07.435 [info] > git rev-parse --show-toplevel [13ms]
2024-04-01 09:00:07.435 [info] fatal: not a git repository (or any parent up to mount point /)
Stopping at filesystem boundary (GIT_DISCOVERY_ACROSS_FILESYSTEM not set).
2024-04-01 10:18:23.267 [info] > git rev-parse --show-toplevel [2ms]
2024-04-01 10:18:23.267 [info] fatal: not a git repository (or any parent up to mount point /)
Stopping at filesystem boundary (GIT_DISCOVERY_ACROSS_FILESYSTEM not set).
2024-04-01 10:18:29.891 [info] > git rev-parse --show-toplevel [1ms]
2024-04-01 10:18:29.891 [info] fatal: not a git repository (or any parent up to mount point /)
Stopping at filesystem boundary (GIT_DISCOVERY_ACROSS_FILESYSTEM not set).
2024-04-01 10:18:34.998 [info] > git rev-parse --show-toplevel [1ms]
2024-04-01 10:18:34.998 [info] fatal: not a git repository (or any parent up to mount point /)
Stopping at filesystem boundary (GIT_DISCOVERY_ACROSS_FILESYSTEM not set).
2024-04-01 10:18:42.731 [info] > git rev-parse --show-toplevel [1ms]
2024-04-01 10:18:42.731 [info] fatal: not a git repository (or any parent up to mount point /)
Stopping at filesystem boundary (GIT_DISCOVERY_ACROSS_FILESYSTEM not set).
