2024-04-01 01:28:32.615 [info] Log level: Info
2024-04-01 01:28:32.616 [info] Validating found git in: "git"
2024-04-01 01:28:32.616 [info] Using git "2.44.0" from "git"
2024-04-01 01:28:32.616 [info] > git rev-parse --show-toplevel [9ms]
2024-04-01 01:28:32.616 [info] fatal: not a git repository (or any parent up to mount point /)
Stopping at filesystem boundary (GIT_DISCOVERY_ACROSS_FILESYSTEM not set).
2024-04-01 01:28:32.616 [info] > git rev-parse --show-toplevel [2ms]
2024-04-01 01:28:32.616 [info] fatal: not a git repository (or any parent up to mount point /)
Stopping at filesystem boundary (GIT_DISCOVERY_ACROSS_FILESYSTEM not set).
2024-04-01 01:28:33.366 [info] > git rev-parse --show-toplevel [8ms]
2024-04-01 01:28:33.366 [info] fatal: not a git repository (or any parent up to mount point /)
Stopping at filesystem boundary (GIT_DISCOVERY_ACROSS_FILESYSTEM not set).
2024-04-01 01:31:05.304 [info] > git rev-parse --show-toplevel [11ms]
2024-04-01 01:31:05.304 [info] fatal: not a git repository (or any parent up to mount point /)
Stopping at filesystem boundary (GIT_DISCOVERY_ACROSS_FILESYSTEM not set).
2024-04-01 01:31:18.464 [info] > git rev-parse --show-toplevel [3ms]
2024-04-01 01:31:18.464 [info] fatal: not a git repository (or any parent up to mount point /)
Stopping at filesystem boundary (GIT_DISCOVERY_ACROSS_FILESYSTEM not set).
2024-04-01 01:33:32.179 [info] > git rev-parse --show-toplevel [4ms]
2024-04-01 01:33:32.179 [info] fatal: not a git repository (or any parent up to mount point /)
Stopping at filesystem boundary (GIT_DISCOVERY_ACROSS_FILESYSTEM not set).
