2024-04-01 10:22:03.936 [info] (Client) Pylance async client (2024.3.2) started with python extension (2024.2.1)
2024-04-01 10:22:05.158 [info] [Info  - 10:22:05 AM] (4015) Pylance language server 2024.3.2 (pyright version 1.1.351, commit 87171fbf) starting
2024-04-01 10:22:05.170 [info] [Info  - 10:22:05 AM] (4015) Server root directory: file:///home/vladimir/.vscode/extensions/ms-python.vscode-pylance-2024.3.2/dist
2024-04-01 10:22:05.171 [info] [Info  - 10:22:05 AM] (4015) Starting service instance "part_2"
2024-04-01 10:22:05.293 [info] [Info  - 10:22:05 AM] (4015) Setting pythonPath for service "part_2": "/bin/python"
2024-04-01 10:22:05.293 [info] [Info  - 10:22:05 AM] (4015) Setting environmentName for service "part_2": "3.12.2 (global)"
2024-04-01 10:22:05.331 [info] [Info  - 10:22:05 AM] (4015) Assuming Python version 3.12
2024-04-01 10:22:05.443 [info] [Info  - 10:22:05 AM] (4015) No source files found.
2024-04-01 10:22:05.456 [info] [Info  - 10:22:05 AM] (4015) Starting service instance "part_2"
2024-04-01 10:22:05.502 [info] [Info  - 10:22:05 AM] (4015) Setting pythonPath for service "part_2": "/home/vladimir/BOTAY!/Computational_mathematics_second_sem/part_2"
2024-04-01 10:22:05.502 [info] [Info  - 10:22:05 AM] (4015) Setting environmentName for service "part_2": "3.12.2 (global)"
2024-04-01 10:22:05.567 [info] [Info  - 10:22:05 AM] (4015) No source files found.
2024-04-01 10:22:06.127 [info] [Info  - 10:22:06 AM] (4015) Background analysis(1) root directory: file:///home/vladimir/.vscode/extensions/ms-python.vscode-pylance-2024.3.2/dist
2024-04-01 10:22:06.130 [info] [Info  - 10:22:06 AM] (4015) Background analysis(1) started
2024-04-01 10:22:06.368 [info] [Info  - 10:22:06 AM] (4015) Background analysis(2) root directory: file:///home/vladimir/.vscode/extensions/ms-python.vscode-pylance-2024.3.2/dist
2024-04-01 10:22:06.376 [info] [Info  - 10:22:06 AM] (4015) Background analysis(2) started
2024-04-01 10:22:06.649 [info] [Info  - 10:22:06 AM] (4015) Indexer background runner(3) root directory: file:///home/vladimir/.vscode/extensions/ms-python.vscode-pylance-2024.3.2/dist (index)
2024-04-01 10:22:06.649 [info] [Info  - 10:22:06 AM] (4015) Indexing(3) started
2024-04-01 10:22:07.724 [info] [Info  - 10:22:07 AM] (4015) scanned(3) 257 files over 1 exec env
2024-04-01 10:22:09.225 [info] [Info  - 10:22:09 AM] (4015) indexed(3) 160 files over 1 exec env
2024-04-01 10:22:10.248 [info] [Info  - 10:22:10 AM] (4015) scanned(3) 1 files over 1 exec env
2024-04-01 10:22:11.059 [info] [Info  - 10:22:11 AM] (4015) Indexing finished(3).
2024-04-01 10:22:11.402 [info] [Info  - 10:22:11 AM] (4015) [BG(1)] Long operation: analyzing: file:///home/vladimir/BOTAY%21/Computational_mathematics_second_sem/part_2/hw6/6%20%D0%97%D0%B0%D0%B4%D0%B0%D0%BD%D0%B8%D0%B5%20-%20%D0%97%D0%B0%D0%B4%D0%B0%D1%87%D0%B0%20%D0%9A%D0%BE%D1%88%D0%B8.ipynb.py#pylancePrefixCell (5122ms)
2024-04-01 13:06:03.027 [info] [Info  - 1:06:03 PM] (4015) [BG(1)] Long operation: checking: file:///home/vladimir/BOTAY%21/Computational_mathematics_second_sem/part_2/hw6/6%20%D0%97%D0%B0%D0%B4%D0%B0%D0%BD%D0%B8%D0%B5%20-%20%D0%97%D0%B0%D0%B4%D0%B0%D1%87%D0%B0%20%D0%9A%D0%BE%D1%88%D0%B8.ipynb.py#Y212sZmlsZQ%3D%3D (16767ms)
2024-04-01 13:06:03.027 [info] [Info  - 1:06:03 PM] (4015) [BG(1)] Long operation: analyzing: file:///home/vladimir/BOTAY%21/Computational_mathematics_second_sem/part_2/hw6/6%20%D0%97%D0%B0%D0%B4%D0%B0%D0%BD%D0%B8%D0%B5%20-%20%D0%97%D0%B0%D0%B4%D0%B0%D1%87%D0%B0%20%D0%9A%D0%BE%D1%88%D0%B8.ipynb.py#Y212sZmlsZQ%3D%3D (16767ms)
2024-04-01 13:06:03.897 [info] [Info  - 1:06:03 PM] (4015) [BG(1)] Long operation: analyzing: file:///home/vladimir/BOTAY%21/Computational_mathematics_second_sem/part_2/hw6/6%20%D0%97%D0%B0%D0%B4%D0%B0%D0%BD%D0%B8%D0%B5%20-%20%D0%97%D0%B0%D0%B4%D0%B0%D1%87%D0%B0%20%D0%9A%D0%BE%D1%88%D0%B8.ipynb.py#pylancePrefixCell (18114ms)
2024-04-01 13:06:14.872 [info] [Info  - 1:06:14 PM] (4015) [BG(1)] Long operation: checking: file:///home/vladimir/BOTAY%21/Computational_mathematics_second_sem/part_2/hw6/6%20%D0%97%D0%B0%D0%B4%D0%B0%D0%BD%D0%B8%D0%B5%20-%20%D0%97%D0%B0%D0%B4%D0%B0%D1%87%D0%B0%20%D0%9A%D0%BE%D1%88%D0%B8.ipynb.py#Y212sZmlsZQ%3D%3D (4458ms)
2024-04-01 13:06:14.872 [info] [Info  - 1:06:14 PM] (4015) [BG(1)] Long operation: analyzing: file:///home/vladimir/BOTAY%21/Computational_mathematics_second_sem/part_2/hw6/6%20%D0%97%D0%B0%D0%B4%D0%B0%D0%BD%D0%B8%D0%B5%20-%20%D0%97%D0%B0%D0%B4%D0%B0%D1%87%D0%B0%20%D0%9A%D0%BE%D1%88%D0%B8.ipynb.py#Y212sZmlsZQ%3D%3D (4458ms)
2024-04-01 13:06:14.872 [info] [Info  - 1:06:14 PM] (4015) [BG(1)] Long operation: analyzing: file:///home/vladimir/BOTAY%21/Computational_mathematics_second_sem/part_2/hw6/6%20%D0%97%D0%B0%D0%B4%D0%B0%D0%BD%D0%B8%D0%B5%20-%20%D0%97%D0%B0%D0%B4%D0%B0%D1%87%D0%B0%20%D0%9A%D0%BE%D1%88%D0%B8.ipynb.py#pylancePrefixCell (4826ms)
2024-04-01 13:06:26.965 [info] [Info  - 1:06:26 PM] (4015) [BG(1)] Long operation: SemanticTokens delta previousResultId:1711965963898 at file:///home/vladimir/BOTAY%21/Computational_mathematics_second_sem/part_2/hw6/6%20%D0%97%D0%B0%D0%B4%D0%B0%D0%BD%D0%B8%D0%B5%20-%20%D0%97%D0%B0%D0%B4%D0%B0%D1%87%D0%B0%20%D0%9A%D0%BE%D1%88%D0%B8.ipynb.py#Y212sZmlsZQ%3D%3D (12092ms)
2024-04-01 13:06:56.688 [info] [Info  - 1:06:56 PM] (4015) [BG(1)] Long operation: SemanticTokens delta previousResultId:1711965974872 at file:///home/vladimir/BOTAY%21/Computational_mathematics_second_sem/part_2/hw6/6%20%D0%97%D0%B0%D0%B4%D0%B0%D0%BD%D0%B8%D0%B5%20-%20%D0%97%D0%B0%D0%B4%D0%B0%D1%87%D0%B0%20%D0%9A%D0%BE%D1%88%D0%B8.ipynb.py#Y212sZmlsZQ%3D%3D (13946ms)
2024-04-01 13:06:56.692 [info] [Info  - 1:06:56 PM] (4015) [BG(1)] Long operation: checking: file:///home/vladimir/BOTAY%21/Computational_mathematics_second_sem/part_2/hw6/6%20%D0%97%D0%B0%D0%B4%D0%B0%D0%BD%D0%B8%D0%B5%20-%20%D0%97%D0%B0%D0%B4%D0%B0%D1%87%D0%B0%20%D0%9A%D0%BE%D1%88%D0%B8.ipynb.py#Y212sZmlsZQ%3D%3D (13135ms)
2024-04-01 13:06:56.692 [info] [Info  - 1:06:56 PM] (4015) [BG(1)] Long operation: analyzing: file:///home/vladimir/BOTAY%21/Computational_mathematics_second_sem/part_2/hw6/6%20%D0%97%D0%B0%D0%B4%D0%B0%D0%BD%D0%B8%D0%B5%20-%20%D0%97%D0%B0%D0%B4%D0%B0%D1%87%D0%B0%20%D0%9A%D0%BE%D1%88%D0%B8.ipynb.py#Y212sZmlsZQ%3D%3D (13135ms)
2024-04-01 13:06:56.692 [info] [Info  - 1:06:56 PM] (4015) [BG(1)] Long operation: analyzing: file:///home/vladimir/BOTAY%21/Computational_mathematics_second_sem/part_2/hw6/6%20%D0%97%D0%B0%D0%B4%D0%B0%D0%BD%D0%B8%D0%B5%20-%20%D0%97%D0%B0%D0%B4%D0%B0%D1%87%D0%B0%20%D0%9A%D0%BE%D1%88%D0%B8.ipynb.py#pylancePrefixCell (13459ms)
2024-04-01 13:08:22.364 [info] [Info  - 1:08:22 PM] (4015) [BG(1)] Long operation: SemanticTokens delta previousResultId:1711965989235 at file:///home/vladimir/BOTAY%21/Computational_mathematics_second_sem/part_2/hw6/6%20%D0%97%D0%B0%D0%B4%D0%B0%D0%BD%D0%B8%D0%B5%20-%20%D0%97%D0%B0%D0%B4%D0%B0%D1%87%D0%B0%20%D0%9A%D0%BE%D1%88%D0%B8.ipynb.py#Y212sZmlsZQ%3D%3D (13957ms)
