2024-04-01 10:22:02.221 [info] Experiment 'pythonRecommendTensorboardExt' is active
2024-04-01 10:22:02.221 [info] Experiment 'pythonREPLSmartSend' is active
2024-04-01 10:22:02.221 [info] Experiment 'pythonTerminalEnvVarActivation' is active
2024-04-01 10:22:02.221 [info] Experiment 'pythonTestAdapter' is active
2024-04-01 10:22:02.330 [info] Default formatter is set to null for workspace /home/vladimir/BOTAY!/Computational_mathematics_second_sem/part_2
2024-04-01 10:22:02.360 [info] Test server listening.
2024-04-01 10:22:02.392 [info] > conda info --json
2024-04-01 10:22:02.463 [info] Python interpreter path: /bin/python
2024-04-01 10:22:02.489 [info] > /usr/share/anaconda/bin/conda info --json
2024-04-01 10:22:03.223 [warning] Retry failed, storage update failed for key PYTHON_GLOBAL_STORAGE_KEYS
2024-04-01 10:22:03.223 [warning] Retry failed, storage update failed for key PYTHON_GLOBAL_STORAGE_KEYS
2024-04-01 10:22:03.234 [info] Found: /bin/python --> /bin/python3.12
2024-04-01 10:22:03.350 [warning] Retry failed, storage update failed for key PYTHON_GLOBAL_STORAGE_KEYS
2024-04-01 10:22:03.350 [warning] Retry failed, storage update failed for key PYTHON_GLOBAL_STORAGE_KEYS
2024-04-01 10:22:03.357 [info] Found: /bin/python3 --> /bin/python3.12
2024-04-01 10:22:03.371 [info] Found: /bin/python3.12 --> /bin/python3.12
2024-04-01 10:22:03.500 [info] > /bin/python -I ~/.vscode/extensions/ms-python.python-2024.2.1/pythonFiles/get_output_via_markers.py ~/.vscode/extensions/ms-python.python-2024.2.1/pythonFiles/interpreterInfo.py
2024-04-01 10:22:03.509 [info] Found: /usr/bin/python --> /usr/bin/python3.12
2024-04-01 10:22:03.515 [info] Found: /usr/bin/python3 --> /usr/bin/python3.12
2024-04-01 10:22:03.521 [info] Found: /usr/bin/python3.12 --> /usr/bin/python3.12
2024-04-01 10:22:03.657 [info] > /usr/bin/python -I ~/.vscode/extensions/ms-python.python-2024.2.1/pythonFiles/get_output_via_markers.py ~/.vscode/extensions/ms-python.python-2024.2.1/pythonFiles/interpreterInfo.py
2024-04-01 10:22:05.200 [info] Starting Pylance language server.
