Visual Studio Code (1.87.2, undefined, desktop)
Jupyter Extension Version: 2024.2.0.
Python Extension Version: 2024.2.1.
Pylance Extension Version: 2024.3.2.
Platform: linux (x64).
Workspace folder ~/BOTAY!/Computational_mathematics_second_sem/part_2, Home = /home/vladimir
10:22:01.973 [info] Start refreshing Kernel Picker (1711956121973)
10:22:01.987 [info] Using Pylance
10:22:02.218 [info] Start refreshing Interpreter Kernel Picker
10:22:03.216 [info] Starting Kernel startUsingPythonInterpreter, .jvsc74a57bd0e7370f93d1d0cde622a1f8e1c04877d8463912d04d973331ad4851f04de6915a./bin/python./bin/python.-m#ipykernel_launcher  (Python Path: /bin/python, Unknown, 3.12.2) for '~/BOTAY!/Computational_mathematics_second_sem/part_2/hw6/6 Задание - Задача Коши.ipynb' (disableUI=true)
10:22:03.465 [warn] Failed to get activated env vars for /bin/python in 1087ms
10:22:03.470 [warn] Failed to get activated env vars for /bin/python in 129ms
10:22:03.484 [info] Process Execution: /bin/python -c "import site;print("USER_BASE_VALUE");print(site.USER_BASE);print("USER_BASE_VALUE");"
10:22:03.536 [info] Process Execution: /bin/python -m pip list
10:22:03.554 [info] Process Execution: /bin/python -c "import ipykernel; print(ipykernel.__version__); print("5dc3a68c-e34e-4080-9c3e-2a532b2ccb4d"); print(ipykernel.__file__)"
10:22:03.569 [info] Process Execution: /bin/python -m ipykernel_launcher --f=~/.local/share/jupyter/runtime/kernel-v2-3839VwUDhMxkbEdL.json
    > cwd: ~/BOTAY!/Computational_mathematics_second_sem/part_2/hw6
10:22:03.569 [info] Kernel process 4013.
10:22:04.759 [info] End refreshing Kernel Picker (1711956121973)
10:22:04.766 [warn] StdErr from Kernel Process 0.00s - Debugger warning: It seems that frozen modules are being used, which may
0.00s - make the debugger miss breakpoints. Please pass -Xfrozen_modules=off
0.00s - to python to disable frozen modules.
0.00s - Note: Debugging will proceed. Set PYDEVD_DISABLE_FILE_VALIDATION=1 to disable this validation.
10:22:05.167 [info] Registering Kernel Completion Provider from kernel Python 3.12.2 for language python
10:22:05.209 [info] No interpreter for Pylance for Notebook URI "~/BOTAY!/Computational_mathematics_second_sem/part_2/hw6/6 Семинар - Задача Коши.ipynb"
10:22:13.815 [info] Process Execution: /bin/python ~/.vscode/extensions/ms-toolsai.jupyter-2024.2.0-linux-x64/pythonFiles/printJupyterDataDir.py
13:01:05.370 [info] Handle Execution of Cells 38 for ~/BOTAY!/Computational_mathematics_second_sem/part_2/hw6/6 Задание - Задача Коши.ipynb
13:01:05.385 [info] Kernel acknowledged execution of cell 38 @ 1711965665384
13:01:05.657 [warn] Cell completed with errors [sd [Error]: name 'np' is not defined
	at r.execute (~/.vscode/extensions/ms-toolsai.jupyter-2024.2.0-linux-x64/dist/extension.node.js:322:4961)] {
  ename: 'NameError',
  evalue: "name 'np' is not defined",
  traceback: [
    '\x1B[0;31m---------------------------------------------------------------------------\x1B[0m',
    '\x1B[0;31mNameError\x1B[0m                                 Traceback (most recent call last)',
    'Cell \x1B[0;32mIn[1], line 1\x1B[0m\n' +
      '\x1B[0;32m----> 1\x1B[0m z \x1B[38;5;241m=\x1B[39m \x1B[43mnp\x1B[49m\x1B[38;5;241m.\x1B[39mlinspace(\x1B[38;5;241m0\x1B[39m, \x1B[38;5;241m1\x1B[39m, \x1B[38;5;241m1000\x1B[39m)\n' +
      '\x1B[1;32m      2\x1B[0m B \x1B[38;5;241m=\x1B[39m np\x1B[38;5;241m.\x1B[39marray([[\x1B[38;5;241m0\x1B[39m, \x1B[38;5;241m0\x1B[39m], [\x1B[38;5;241m3\x1B[39m\x1B[38;5;241m/\x1B[39m\x1B[38;5;241m2\x1B[39m, \x1B[38;5;241m1\x1B[39m\x1B[38;5;241m/\x1B[39m\x1B[38;5;241m2\x1B[39m]])\n' +
      '\x1B[1;32m      3\x1B[0m gamma \x1B[38;5;241m=\x1B[39m np\x1B[38;5;241m.\x1B[39marray([\x1B[38;5;241m3\x1B[39m\x1B[38;5;241m/\x1B[39m\x1B[38;5;241m4\x1B[39m, \x1B[38;5;241m1\x1B[39m\x1B[38;5;241m/\x1B[39m\x1B[38;5;241m4\x1B[39m])\n',
    "\x1B[0;31mNameError\x1B[0m: name 'np' is not defined"
  ]
}
13:01:05.661 [info] End cell 38 execution after 0.272s, completed @ 1711965665656, started @ 1711965665384
13:01:18.926 [info] Handle Execution of Cells 38 for ~/BOTAY!/Computational_mathematics_second_sem/part_2/hw6/6 Задание - Задача Коши.ipynb
13:01:18.941 [info] Kernel acknowledged execution of cell 38 @ 1711965678940
13:01:19.426 [info] End cell 38 execution after 0.486s, completed @ 1711965679426, started @ 1711965678940
13:01:20.033 [info] Handle Execution of Cells 39 for ~/BOTAY!/Computational_mathematics_second_sem/part_2/hw6/6 Задание - Задача Коши.ipynb
13:01:20.047 [info] Kernel acknowledged execution of cell 39 @ 1711965680047
13:01:20.079 [warn] Cell completed with errors [sd [Error]: operands could not be broadcast together with shapes (1000,) (2,2) 
	at r.execute (~/.vscode/extensions/ms-toolsai.jupyter-2024.2.0-linux-x64/dist/extension.node.js:322:4961)] {
  ename: 'ValueError',
  evalue: 'operands could not be broadcast together with shapes (1000,) (2,2) ',
  traceback: [
    '\x1B[0;31m---------------------------------------------------------------------------\x1B[0m',
    '\x1B[0;31mValueError\x1B[0m                                Traceback (most recent call last)',
    'Cell \x1B[0;32mIn[3], line 5\x1B[0m\n' +
      '\x1B[1;32m      3\x1B[0m gamma \x1B[38;5;241m=\x1B[39m np\x1B[38;5;241m.\x1B[39marray([\x1B[38;5;241m3\x1B[39m\x1B[38;5;241m/\x1B[39m\x1B[38;5;241m4\x1B[39m, \x1B[38;5;241m1\x1B[39m\x1B[38;5;241m/\x1B[39m\x1B[38;5;241m4\x1B[39m])\n' +
      '\x1B[1;32m      4\x1B[0m E \x1B[38;5;241m=\x1B[39m np\x1B[38;5;241m.\x1B[39meye(\x1B[38;5;241m2\x1B[39m)\n' +
      '\x1B[0;32m----> 5\x1B[0m numerator \x1B[38;5;241m=\x1B[39m np\x1B[38;5;241m.\x1B[39mlinalg\x1B[38;5;241m.\x1B[39mdet(E \x1B[38;5;241m-\x1B[39m \x1B[43mz\x1B[49m\x1B[38;5;241;43m*\x1B[39;49m\x1B[43mB\x1B[49m \x1B[38;5;241m+\x1B[39m z \x1B[38;5;241m*\x1B[39m (np\x1B[38;5;241m.\x1B[39msum(gamma)))\n' +
      '\x1B[1;32m      6\x1B[0m denominator \x1B[38;5;241m=\x1B[39m np\x1B[38;5;241m.\x1B[39mlinalg\x1B[38;5;241m.\x1B[39mdet(E \x1B[38;5;241m-\x1B[39m z \x1B[38;5;241m*\x1B[39m B)\n' +
      '\x1B[1;32m      7\x1B[0m R \x1B[38;5;241m=\x1B[39m numerator\x1B[38;5;241m/\x1B[39mdenominator\n',
    '\x1B[0;31mValueError\x1B[0m: operands could not be broadcast together with shapes (1000,) (2,2) '
  ]
}
13:01:20.080 [info] End cell 39 execution after 0.032s, completed @ 1711965680079, started @ 1711965680047
13:02:43.209 [info] Handle Execution of Cells 39 for ~/BOTAY!/Computational_mathematics_second_sem/part_2/hw6/6 Задание - Задача Коши.ipynb
13:02:43.221 [info] Kernel acknowledged execution of cell 39 @ 1711965763220
13:02:43.259 [warn] Cell completed with errors [sd [Error]: operands could not be broadcast together with shapes (1000,) (2,2) 
	at r.execute (~/.vscode/extensions/ms-toolsai.jupyter-2024.2.0-linux-x64/dist/extension.node.js:322:4961)] {
  ename: 'ValueError',
  evalue: 'operands could not be broadcast together with shapes (1000,) (2,2) ',
  traceback: [
    '\x1B[0;31m---------------------------------------------------------------------------\x1B[0m',
    '\x1B[0;31mValueError\x1B[0m                                Traceback (most recent call last)',
    'Cell \x1B[0;32mIn[4], line 5\x1B[0m\n' +
      '\x1B[1;32m      3\x1B[0m gamma \x1B[38;5;241m=\x1B[39m np\x1B[38;5;241m.\x1B[39marray([\x1B[38;5;241m3\x1B[39m\x1B[38;5;241m/\x1B[39m\x1B[38;5;241m4\x1B[39m, \x1B[38;5;241m1\x1B[39m\x1B[38;5;241m/\x1B[39m\x1B[38;5;241m4\x1B[39m])\n' +
      '\x1B[1;32m      4\x1B[0m E \x1B[38;5;241m=\x1B[39m np\x1B[38;5;241m.\x1B[39meye(\x1B[38;5;241m2\x1B[39m)\n' +
      '\x1B[0;32m----> 5\x1B[0m numerator \x1B[38;5;241m=\x1B[39m np\x1B[38;5;241m.\x1B[39mlinalg\x1B[38;5;241m.\x1B[39mdet(E \x1B[38;5;241m-\x1B[39m \x1B[43mz\x1B[49m\x1B[38;5;241;43m*\x1B[39;49m\x1B[43mB\x1B[49m \x1B[38;5;241m+\x1B[39m z \x1B[38;5;241m*\x1B[39m (np\x1B[38;5;241m.\x1B[39msum(gamma)))\n' +
      '\x1B[1;32m      6\x1B[0m denominator \x1B[38;5;241m=\x1B[39m [np\x1B[38;5;241m.\x1B[39mlinalg\x1B[38;5;241m.\x1B[39mdet(E \x1B[38;5;241m-\x1B[39m z_val \x1B[38;5;241m*\x1B[39m B) \x1B[38;5;28;01mfor\x1B[39;00m z_val \x1B[38;5;129;01min\x1B[39;00m z]\n' +
      '\x1B[1;32m      7\x1B[0m R \x1B[38;5;241m=\x1B[39m numerator\x1B[38;5;241m/\x1B[39mdenominator\n',
    '\x1B[0;31mValueError\x1B[0m: operands could not be broadcast together with shapes (1000,) (2,2) '
  ]
}
13:02:43.261 [info] End cell 39 execution after 0.039s, completed @ 1711965763259, started @ 1711965763220
13:02:56.650 [info] Handle Execution of Cells 39 for ~/BOTAY!/Computational_mathematics_second_sem/part_2/hw6/6 Задание - Задача Коши.ipynb
13:02:56.666 [info] Kernel acknowledged execution of cell 39 @ 1711965776665
13:02:56.683 [warn] Cell completed with errors [sd [Error]: operands could not be broadcast together with shapes (1000,) (2,2) 
	at r.execute (~/.vscode/extensions/ms-toolsai.jupyter-2024.2.0-linux-x64/dist/extension.node.js:322:4961)] {
  ename: 'ValueError',
  evalue: 'operands could not be broadcast together with shapes (1000,) (2,2) ',
  traceback: [
    '\x1B[0;31m---------------------------------------------------------------------------\x1B[0m',
    '\x1B[0;31mValueError\x1B[0m                                Traceback (most recent call last)',
    'Cell \x1B[0;32mIn[5], line 5\x1B[0m\n' +
      '\x1B[1;32m      3\x1B[0m gamma \x1B[38;5;241m=\x1B[39m np\x1B[38;5;241m.\x1B[39marray([\x1B[38;5;241m3\x1B[39m\x1B[38;5;241m/\x1B[39m\x1B[38;5;241m4\x1B[39m, \x1B[38;5;241m1\x1B[39m\x1B[38;5;241m/\x1B[39m\x1B[38;5;241m4\x1B[39m])\n' +
      '\x1B[1;32m      4\x1B[0m E \x1B[38;5;241m=\x1B[39m np\x1B[38;5;241m.\x1B[39meye(\x1B[38;5;241m2\x1B[39m)\n' +
      '\x1B[0;32m----> 5\x1B[0m numerator \x1B[38;5;241m=\x1B[39m np\x1B[38;5;241m.\x1B[39mlinalg\x1B[38;5;241m.\x1B[39mdet(E \x1B[38;5;241m-\x1B[39m \x1B[43mz\x1B[49m\x1B[38;5;241;43m*\x1B[39;49m\x1B[43mB\x1B[49m \x1B[38;5;241m+\x1B[39m z \x1B[38;5;241m*\x1B[39m (np\x1B[38;5;241m.\x1B[39msum(gamma)))\n' +
      '\x1B[1;32m      6\x1B[0m denominator \x1B[38;5;241m=\x1B[39m np\x1B[38;5;241m.\x1B[39mlinalg\x1B[38;5;241m.\x1B[39mdet(E \x1B[38;5;241m-\x1B[39m z_val \x1B[38;5;241m*\x1B[39m B)\n' +
      '\x1B[1;32m      7\x1B[0m R \x1B[38;5;241m=\x1B[39m numerator\x1B[38;5;241m/\x1B[39mdenominator\n',
    '\x1B[0;31mValueError\x1B[0m: operands could not be broadcast together with shapes (1000,) (2,2) '
  ]
}
13:02:56.684 [info] End cell 39 execution after 0.018s, completed @ 1711965776683, started @ 1711965776665
13:04:56.715 [info] Handle Execution of Cells 39 for ~/BOTAY!/Computational_mathematics_second_sem/part_2/hw6/6 Задание - Задача Коши.ipynb
13:04:56.735 [info] Kernel acknowledged execution of cell 39 @ 1711965896735
13:04:56.957 [info] End cell 39 execution after 0.222s, completed @ 1711965896957, started @ 1711965896735
13:05:54.568 [info] Handle Execution of Cells 40 for ~/BOTAY!/Computational_mathematics_second_sem/part_2/hw6/6 Задание - Задача Коши.ipynb
13:05:54.581 [info] Kernel acknowledged execution of cell 40 @ 1711965954581
13:05:57.111 [info] End cell 40 execution after 2.53s, completed @ 1711965957111, started @ 1711965954581
13:09:49.840 [info] Disposing HostJupyterExecution
13:09:49.840 [info] Dispose Kernel '~/BOTAY!/Computational_mathematics_second_sem/part_2/hw6/6 Задание - Задача Коши.ipynb' associated with '~/BOTAY!/Computational_mathematics_second_sem/part_2/hw6/6 Задание - Задача Коши.ipynb'
13:09:49.841 [info] Dispose Kernel process 4013.
13:09:49.851 [info] Disposing HostJupyterExecution
