[INFO 09:00:06.704] autoDocstring was activated
[INFO 10:17:47.918] Generating Docstring at line: 4
[INFO 10:17:47.924] Docstring generated:
    """${1:_summary_}

    Args:
        file_path (${2:_type_}): ${3:_description_}
        old_str (${4:_type_}): ${5:_description_}
        new_str (${6:_type_}): ${7:_description_}
    """
[INFO 10:17:47.924] Inserting at position: 4 0
[INFO 10:17:47.938] Successfully inserted docstring
[INFO 10:19:27.628] Generating Docstring at line: 4
[INFO 10:19:27.630] Docstring generated:
    """${1:_summary_}

    Args:
        file_path (${2:str}): ${3:_description_}
        old_str (${4:str}): ${5:_description_}
        new_str (${6:str}): ${7:_description_}
    """
[INFO 10:19:27.630] Inserting at position: 4 0
[INFO 10:19:27.645] Successfully inserted docstring
