2024-04-01 10:22:01.399 [info] Extension host with pid 3839 started
2024-04-01 10:22:01.399 [info] Skipping acquiring lock for /home/vladimir/.config/Code/User/workspaceStorage/44a830d5c3ac0d48cf694576759f43c1.
2024-04-01 10:22:01.430 [info] ExtensionService#_doActivateExtension vscode.ipynb, startup: false, activationEvent: 'onNotebookSerializer:jupyter-notebook'
2024-04-01 10:22:01.472 [info] ExtensionService#_doActivateExtension vscode.git-base, startup: true, activationEvent: '*', root cause: vscode.git
2024-04-01 10:22:01.490 [info] ExtensionService#_doActivateExtension vscode.git, startup: true, activationEvent: '*'
2024-04-01 10:22:01.512 [info] ExtensionService#_doActivateExtension vscode.github, startup: true, activationEvent: '*'
2024-04-01 10:22:01.598 [info] ExtensionService#_doActivateExtension ms-toolsai.jupyter, startup: false, activationEvent: 'onNotebook:jupyter-notebook'
2024-04-01 10:22:01.600 [info] ExtensionService#_doActivateExtension ms-toolsai.vscode-jupyter-cell-tags, startup: false, activationEvent: 'onNotebook:jupyter-notebook'
2024-04-01 10:22:01.606 [info] ExtensionService#_doActivateExtension ms-toolsai.vscode-jupyter-slideshow, startup: false, activationEvent: 'onNotebook:jupyter-notebook'
2024-04-01 10:22:01.611 [info] ExtensionService#_doActivateExtension ms-toolsai.jupyter-renderers, startup: false, activationEvent: 'onNotebook:*'
2024-04-01 10:22:01.642 [info] Eager extensions activated
2024-04-01 10:22:02.014 [info] ExtensionService#_doActivateExtension vscode.debug-auto-launch, startup: false, activationEvent: 'onStartupFinished'
2024-04-01 10:22:02.017 [info] ExtensionService#_doActivateExtension vscode.merge-conflict, startup: false, activationEvent: 'onStartupFinished'
2024-04-01 10:22:02.024 [info] ExtensionService#_doActivateExtension Catppuccin.catppuccin-vsc, startup: false, activationEvent: 'onStartupFinished'
2024-04-01 10:22:02.027 [info] ExtensionService#_doActivateExtension sainnhe.everforest, startup: false, activationEvent: 'onStartupFinished'
2024-04-01 10:22:02.038 [info] ExtensionService#_doActivateExtension ms-python.python, startup: false, activationEvent: 'api', root cause: ms-toolsai.jupyter
2024-04-01 10:22:02.399 [info] ExtensionService#_doActivateExtension ms-python.debugpy, startup: false, activationEvent: 'onLanguage:python'
2024-04-01 10:22:02.429 [info] ExtensionService#_doActivateExtension njpwerner.autodocstring, startup: false, activationEvent: 'onLanguage:python'
2024-04-01 10:22:02.450 [info] ExtensionService#_doActivateExtension vscode.emmet, startup: false, activationEvent: 'onLanguage'
2024-04-01 10:22:02.495 [info] ExtensionService#_doActivateExtension ms-python.vscode-pylance, startup: false, activationEvent: 'onLanguage:python'
2024-04-01 10:22:02.961 [info] ExtensionService#_doActivateExtension vscode.markdown-language-features, startup: false, activationEvent: 'onRenderer:vscode.markdown-it-renderer'
2024-04-01 10:22:34.148 [info] ExtensionService#_doActivateExtension vscode.media-preview, startup: false, activationEvent: 'onCustomEditor:imagePreview.previewEditor'
2024-04-01 12:55:38.928 [info] ExtensionService#_doActivateExtension vscode.extension-editing, startup: false, activationEvent: 'onLanguage:markdown'
2024-04-01 12:55:39.060 [info] ExtensionService#_doActivateExtension vscode.markdown-math, startup: false, activationEvent: 'api', root cause: vscode.markdown-language-features
2024-04-01 13:09:49.804 [info] Extension host terminating: renderer closed the MessagePort
2024-04-01 13:09:49.865 [error] Canceled: Canceled
	at new $ (/usr/share/code/resources/app/out/vs/workbench/api/node/extensionHostProcess.js:140:45885)
	at s.U (/usr/share/code/resources/app/out/vs/workbench/api/node/extensionHostProcess.js:147:5556)
	at z.<computed>.T.charCodeAt.z.<computed> (/usr/share/code/resources/app/out/vs/workbench/api/node/extensionHostProcess.js:147:3007)
	at l.g (/usr/share/code/resources/app/out/vs/workbench/api/node/extensionHostProcess.js:150:184300)
	at l.executeCommand (/usr/share/code/resources/app/out/vs/workbench/api/node/extensionHostProcess.js:150:183738)
	at f.registerCommand.description (/usr/share/code/resources/app/out/vs/workbench/api/node/extensionHostProcess.js:150:183062)
	at l.h (/usr/share/code/resources/app/out/vs/workbench/api/node/extensionHostProcess.js:150:184839)
	at l.g (/usr/share/code/resources/app/out/vs/workbench/api/node/extensionHostProcess.js:150:183831)
	at l.executeCommand (/usr/share/code/resources/app/out/vs/workbench/api/node/extensionHostProcess.js:150:183738)
	at Object.executeCommand (/usr/share/code/resources/app/out/vs/workbench/api/node/extensionHostProcess.js:160:21654)
	at ir.set (/home/vladimir/.vscode/extensions/ms-toolsai.jupyter-2024.2.0-linux-x64/dist/extension.node.js:341:139735)
	at pI.updateContextOfActiveNotebookKernel (/home/vladimir/.vscode/extensions/ms-toolsai.jupyter-2024.2.0-linux-x64/dist/extension.node.js:411:11475)
	at pI.onDidKernelStatusChange (/home/vladimir/.vscode/extensions/ms-toolsai.jupyter-2024.2.0-linux-x64/dist/extension.node.js:411:13065)
	at n.y (/usr/share/code/resources/app/out/vs/workbench/api/node/extensionHostProcess.js:80:1902)
	at n.z (/usr/share/code/resources/app/out/vs/workbench/api/node/extensionHostProcess.js:80:1972)
	at n.fire (/usr/share/code/resources/app/out/vs/workbench/api/node/extensionHostProcess.js:80:2188)
	at Cy.<anonymous> (/home/vladimir/.vscode/extensions/ms-toolsai.jupyter-2024.2.0-linux-x64/dist/extension.node.js:327:2878)
	at n.y (/usr/share/code/resources/app/out/vs/workbench/api/node/extensionHostProcess.js:80:1902)
	at n.z (/usr/share/code/resources/app/out/vs/workbench/api/node/extensionHostProcess.js:80:1972)
	at n.fire (/usr/share/code/resources/app/out/vs/workbench/api/node/extensionHostProcess.js:80:2188)
	at e (/home/vladimir/.vscode/extensions/ms-toolsai.jupyter-2024.2.0-linux-x64/dist/extension.node.js:311:31573)
	at ED.dispose (/home/vladimir/.vscode/extensions/ms-toolsai.jupyter-2024.2.0-linux-x64/dist/extension.node.js:311:31696)
	at /home/vladimir/.vscode/extensions/ms-toolsai.jupyter-2024.2.0-linux-x64/dist/extension.node.js:204:1164
	at Array.map (<anonymous>)
	at yg.dispose (/home/vladimir/.vscode/extensions/ms-toolsai.jupyter-2024.2.0-linux-x64/dist/extension.node.js:204:1155)
	at Object.tIe (/home/vladimir/.vscode/extensions/ms-toolsai.jupyter-2024.2.0-linux-x64/dist/extension.node.js:436:14390)
	at Object.m (/home/vladimir/.vscode/extensions/ms-toolsai.jupyter-2024.2.0-linux-x64/dist/extension.node.proxy.js:1:1025)
	at w.cb (/usr/share/code/resources/app/out/vs/workbench/api/node/extensionHostProcess.js:156:9687)
	at /usr/share/code/resources/app/out/vs/workbench/api/node/extensionHostProcess.js:156:7816
	at Array.map (<anonymous>)
	at w.Y (/usr/share/code/resources/app/out/vs/workbench/api/node/extensionHostProcess.js:156:7803)
	at w.terminate (/usr/share/code/resources/app/out/vs/workbench/api/node/extensionHostProcess.js:156:8076)
	at o.terminate (/usr/share/code/resources/app/out/vs/workbench/api/node/extensionHostProcess.js:160:1513)
	at t (/usr/share/code/resources/app/out/vs/workbench/api/node/extensionHostProcess.js:173:9949)
	at MessagePortMain.<anonymous> (/usr/share/code/resources/app/out/vs/workbench/api/node/extensionHostProcess.js:173:6374)
	at MessagePortMain.emit (node:events:514:28)
	at Object.emit (node:electron/js2c/utility_init:2:2285) setContext undefined
2024-04-01 13:09:49.887 [info] Extension host with pid 3839 exiting with code 0
